V1.0.0 ERROR -- 20/04/2013 12:13:13 - Digester -- main -- Digester.getParser: 
java.lang.UnsupportedOperationException: This parser does not support specification "null" version "null"
	at javax.xml.parsers.SAXParserFactory.setSchema(Unknown Source)
	at org.apache.commons.digester.Digester.getFactory(Digester.java:541)
	at org.apache.commons.digester.Digester.getParser(Digester.java:791)
	at org.apache.commons.digester.Digester.getXMLReader(Digester.java:1068)
	at org.apache.commons.digester.Digester.parse(Digester.java:1916)
	at org.apache.struts.action.ActionServlet.initServlet(ActionServlet.java:1144)
	at org.apache.struts.action.ActionServlet.init(ActionServlet.java:328)
	at javax.servlet.GenericServlet.init(GenericServlet.java:241)
	at org.mortbay.jetty.servlet.ServletHolder.initServlet(ServletHolder.java:440)
	at org.mortbay.jetty.servlet.ServletHolder.doStart(ServletHolder.java:263)
	at org.mortbay.component.AbstractLifeCycle.start(AbstractLifeCycle.java:50)
	at org.mortbay.jetty.servlet.ServletHandler.initialize(ServletHandler.java:736)
	at org.mortbay.jetty.servlet.Context.startContext(Context.java:140)
	at org.mortbay.jetty.webapp.WebAppContext.startContext(WebAppContext.java:1282)
	at org.mortbay.jetty.handler.ContextHandler.doStart(ContextHandler.java:518)
	at org.mortbay.jetty.webapp.WebAppContext.doStart(WebAppContext.java:499)
	at org.mortbay.component.AbstractLifeCycle.start(AbstractLifeCycle.java:50)
	at org.mortbay.jetty.handler.HandlerWrapper.doStart(HandlerWrapper.java:130)
	at org.mortbay.jetty.Server.doStart(Server.java:224)
	at org.mortbay.component.AbstractLifeCycle.start(AbstractLifeCycle.java:50)
	at runjettyrun.Bootstrap.main(Bootstrap.java:97)
V1.0.0 ERROR -- 20/04/2013 12:13:13 - ActionServlet -- main -- Unable to initialize Struts ActionServlet due to an unexpected exception or error thrown, so marking the servlet as unavailable.  Most likely, this is due to an incorrect or missing library dependency.
java.lang.NullPointerException
	at org.apache.commons.digester.Digester.getXMLReader(Digester.java:1068)
	at org.apache.commons.digester.Digester.parse(Digester.java:1916)
	at org.apache.struts.action.ActionServlet.initServlet(ActionServlet.java:1144)
	at org.apache.struts.action.ActionServlet.init(ActionServlet.java:328)
	at javax.servlet.GenericServlet.init(GenericServlet.java:241)
	at org.mortbay.jetty.servlet.ServletHolder.initServlet(ServletHolder.java:440)
	at org.mortbay.jetty.servlet.ServletHolder.doStart(ServletHolder.java:263)
	at org.mortbay.component.AbstractLifeCycle.start(AbstractLifeCycle.java:50)
	at org.mortbay.jetty.servlet.ServletHandler.initialize(ServletHandler.java:736)
	at org.mortbay.jetty.servlet.Context.startContext(Context.java:140)
	at org.mortbay.jetty.webapp.WebAppContext.startContext(WebAppContext.java:1282)
	at org.mortbay.jetty.handler.ContextHandler.doStart(ContextHandler.java:518)
	at org.mortbay.jetty.webapp.WebAppContext.doStart(WebAppContext.java:499)
	at org.mortbay.component.AbstractLifeCycle.start(AbstractLifeCycle.java:50)
	at org.mortbay.jetty.handler.HandlerWrapper.doStart(HandlerWrapper.java:130)
	at org.mortbay.jetty.Server.doStart(Server.java:224)
	at org.mortbay.component.AbstractLifeCycle.start(AbstractLifeCycle.java:50)
	at runjettyrun.Bootstrap.main(Bootstrap.java:97)
V1.0.0 ERROR -- 20/04/2013 12:13:13 - LogErrorHandler -- main -- Line=1 Document root element "dwr", must match DOCTYPE root "null".
V1.0.0 ERROR -- 20/04/2013 12:13:13 - LogErrorHandler -- main -- Line=1 Document is invalid: no grammar found.
V1.0.0 ERROR -- 20/04/2013 12:13:13 - DefaultConfiguration -- main -- The 'session' and 'static' creators are deprecated. Use the 'new' creator
V1.0.0 ERROR -- 20/04/2013 12:13:13 - DefaultConfiguration -- main --   For more information see the DWR website
V1.0.0 ERROR -- 20/04/2013 12:14:30 - Digester -- main -- Digester.getParser: 
java.lang.UnsupportedOperationException: This parser does not support specification "null" version "null"
	at javax.xml.parsers.SAXParserFactory.setSchema(Unknown Source)
	at org.apache.commons.digester.Digester.getFactory(Digester.java:541)
	at org.apache.commons.digester.Digester.getParser(Digester.java:791)
	at org.apache.commons.digester.Digester.getXMLReader(Digester.java:1068)
	at org.apache.commons.digester.Digester.parse(Digester.java:1916)
	at org.apache.struts.action.ActionServlet.initServlet(ActionServlet.java:1144)
	at org.apache.struts.action.ActionServlet.init(ActionServlet.java:328)
	at javax.servlet.GenericServlet.init(GenericServlet.java:241)
	at org.mortbay.jetty.servlet.ServletHolder.initServlet(ServletHolder.java:440)
	at org.mortbay.jetty.servlet.ServletHolder.doStart(ServletHolder.java:263)
	at org.mortbay.component.AbstractLifeCycle.start(AbstractLifeCycle.java:50)
	at org.mortbay.jetty.servlet.ServletHandler.initialize(ServletHandler.java:736)
	at org.mortbay.jetty.servlet.Context.startContext(Context.java:140)
	at org.mortbay.jetty.webapp.WebAppContext.startContext(WebAppContext.java:1282)
	at org.mortbay.jetty.handler.ContextHandler.doStart(ContextHandler.java:518)
	at org.mortbay.jetty.webapp.WebAppContext.doStart(WebAppContext.java:499)
	at org.mortbay.component.AbstractLifeCycle.start(AbstractLifeCycle.java:50)
	at org.mortbay.jetty.handler.HandlerWrapper.doStart(HandlerWrapper.java:130)
	at org.mortbay.jetty.Server.doStart(Server.java:224)
	at org.mortbay.component.AbstractLifeCycle.start(AbstractLifeCycle.java:50)
	at runjettyrun.Bootstrap.main(Bootstrap.java:97)
V1.0.0 ERROR -- 20/04/2013 12:14:30 - ActionServlet -- main -- Unable to initialize Struts ActionServlet due to an unexpected exception or error thrown, so marking the servlet as unavailable.  Most likely, this is due to an incorrect or missing library dependency.
java.lang.NullPointerException
	at org.apache.commons.digester.Digester.getXMLReader(Digester.java:1068)
	at org.apache.commons.digester.Digester.parse(Digester.java:1916)
	at org.apache.struts.action.ActionServlet.initServlet(ActionServlet.java:1144)
	at org.apache.struts.action.ActionServlet.init(ActionServlet.java:328)
	at javax.servlet.GenericServlet.init(GenericServlet.java:241)
	at org.mortbay.jetty.servlet.ServletHolder.initServlet(ServletHolder.java:440)
	at org.mortbay.jetty.servlet.ServletHolder.doStart(ServletHolder.java:263)
	at org.mortbay.component.AbstractLifeCycle.start(AbstractLifeCycle.java:50)
	at org.mortbay.jetty.servlet.ServletHandler.initialize(ServletHandler.java:736)
	at org.mortbay.jetty.servlet.Context.startContext(Context.java:140)
	at org.mortbay.jetty.webapp.WebAppContext.startContext(WebAppContext.java:1282)
	at org.mortbay.jetty.handler.ContextHandler.doStart(ContextHandler.java:518)
	at org.mortbay.jetty.webapp.WebAppContext.doStart(WebAppContext.java:499)
	at org.mortbay.component.AbstractLifeCycle.start(AbstractLifeCycle.java:50)
	at org.mortbay.jetty.handler.HandlerWrapper.doStart(HandlerWrapper.java:130)
	at org.mortbay.jetty.Server.doStart(Server.java:224)
	at org.mortbay.component.AbstractLifeCycle.start(AbstractLifeCycle.java:50)
	at runjettyrun.Bootstrap.main(Bootstrap.java:97)
V1.0.0 ERROR -- 20/04/2013 12:14:30 - LogErrorHandler -- main -- Line=1 Document root element "dwr", must match DOCTYPE root "null".
V1.0.0 ERROR -- 20/04/2013 12:14:30 - LogErrorHandler -- main -- Line=1 Document is invalid: no grammar found.
V1.0.0 ERROR -- 20/04/2013 12:14:30 - DefaultConfiguration -- main -- The 'session' and 'static' creators are deprecated. Use the 'new' creator
V1.0.0 ERROR -- 20/04/2013 12:14:30 - DefaultConfiguration -- main --   For more information see the DWR website
